/home/boat/.virtualenvs/MxShop/lib/python3.6/site-packages/djcelery/loaders.py:189: UserWarning: Autodiscover: Error importing users.apps.UsersConfig.tasks: ModuleNotFoundError("No module named 'users.apps.UsersConfig'; 'users.apps' is not a package",)
  app, related_name, exc,
/home/boat/.virtualenvs/MxShop/lib/python3.6/site-packages/djcelery/loaders.py:189: UserWarning: Autodiscover: Error importing goods.apps.GoodsConfig.tasks: ModuleNotFoundError("No module named 'goods.apps.GoodsConfig'; 'goods.apps' is not a package",)
  app, related_name, exc,
/home/boat/.virtualenvs/MxShop/lib/python3.6/site-packages/djcelery/loaders.py:189: UserWarning: Autodiscover: Error importing user_operation.apps.UserOperationConfig.tasks: ModuleNotFoundError("No module named 'user_operation.apps.UserOperationConfig'; 'user_operation.apps' is not a package",)
  app, related_name, exc,
/home/boat/.virtualenvs/MxShop/lib/python3.6/site-packages/djcelery/loaders.py:189: UserWarning: Autodiscover: Error importing trade.apps.TradeConfig.tasks: ModuleNotFoundError("No module named 'trade.apps.TradeConfig'; 'trade.apps' is not a package",)
  app, related_name, exc,
[2019-02-27 15:15:27,013: WARNING/MainProcess] /home/boat/.virtualenvs/MxShop/lib/python3.6/site-packages/celery/apps/worker.py:161: CDeprecationWarning: 
Starting from version 3.2 Celery will refuse to accept pickle by default.

The pickle serializer is a security concern as it may give attackers
the ability to execute any command.  It's important to secure
your broker from unauthorized access when using pickle, so we think
that enabling pickle should require a deliberate action and not be
the default choice.

If you depend on pickle then you should set a setting to disable this
warning and to be sure that everything will continue working
when you upgrade to Celery 3.2::

    CELERY_ACCEPT_CONTENT = ['pickle', 'json', 'msgpack', 'yaml']

You must only enable the serializers that you will actually use.


  warnings.warn(CDeprecationWarning(W_PICKLE_DEPRECATED))
[2019-02-27 15:15:27,035: WARNING/MainProcess] /home/boat/.virtualenvs/MxShop/lib/python3.6/site-packages/billiard/__init__.py:321: RuntimeWarning: force_execv is not supported as the billiard C extension is not installed
  warnings.warn(RuntimeWarning(W_NO_EXECV))
[2019-02-27 15:15:27,392: INFO/MainProcess] Connected to redis://localhost:6379/1
[2019-02-27 15:15:27,404: INFO/MainProcess] mingle: searching for neighbors
[2019-02-27 15:15:28,411: INFO/MainProcess] mingle: all alone
[2019-02-27 15:15:28,439: WARNING/MainProcess] /home/boat/.virtualenvs/MxShop/lib/python3.6/site-packages/djcelery/loaders.py:133: UserWarning: Using settings.DEBUG leads to a memory leak, never use this setting in production environments!
  warn('Using settings.DEBUG leads to a memory leak, never '
[2019-02-27 15:15:28,440: WARNING/MainProcess] celery@boat-virtual-machine ready.
[2019-02-27 15:15:28,984: INFO/MainProcess] Received task: course_task[b331e5a5-235c-4630-b022-5e294a80c4d3]
[2019-02-27 15:15:28,989: WARNING/Worker-4] start course task
[2019-02-27 15:15:31,855: INFO/MainProcess] Events of group {task} enabled by remote.
[2019-02-27 15:15:32,990: WARNING/Worker-4] args=(2, 8), kwargs={}
[2019-02-27 15:15:32,990: WARNING/Worker-4] end course task
[2019-02-27 15:15:32,996: INFO/MainProcess] Task course_task[b331e5a5-235c-4630-b022-5e294a80c4d3] succeeded in 4.007839216999855s: None

worker: Warm shutdown (MainProcess)
/home/boat/.virtualenvs/MxShop/lib/python3.6/site-packages/djcelery/loaders.py:189: UserWarning: Autodiscover: Error importing users.apps.UsersConfig.tasks: ModuleNotFoundError("No module named 'users.apps.UsersConfig'; 'users.apps' is not a package",)
  app, related_name, exc,
/home/boat/.virtualenvs/MxShop/lib/python3.6/site-packages/djcelery/loaders.py:189: UserWarning: Autodiscover: Error importing goods.apps.GoodsConfig.tasks: ModuleNotFoundError("No module named 'goods.apps.GoodsConfig'; 'goods.apps' is not a package",)
  app, related_name, exc,
/home/boat/.virtualenvs/MxShop/lib/python3.6/site-packages/djcelery/loaders.py:189: UserWarning: Autodiscover: Error importing user_operation.apps.UserOperationConfig.tasks: ModuleNotFoundError("No module named 'user_operation.apps.UserOperationConfig'; 'user_operation.apps' is not a package",)
  app, related_name, exc,
/home/boat/.virtualenvs/MxShop/lib/python3.6/site-packages/djcelery/loaders.py:189: UserWarning: Autodiscover: Error importing trade.apps.TradeConfig.tasks: ModuleNotFoundError("No module named 'trade.apps.TradeConfig'; 'trade.apps' is not a package",)
  app, related_name, exc,
[2019-02-27 15:18:21,383: WARNING/MainProcess] /home/boat/.virtualenvs/MxShop/lib/python3.6/site-packages/celery/apps/worker.py:161: CDeprecationWarning: 
Starting from version 3.2 Celery will refuse to accept pickle by default.

The pickle serializer is a security concern as it may give attackers
the ability to execute any command.  It's important to secure
your broker from unauthorized access when using pickle, so we think
that enabling pickle should require a deliberate action and not be
the default choice.

If you depend on pickle then you should set a setting to disable this
warning and to be sure that everything will continue working
when you upgrade to Celery 3.2::

    CELERY_ACCEPT_CONTENT = ['pickle', 'json', 'msgpack', 'yaml']

You must only enable the serializers that you will actually use.


  warnings.warn(CDeprecationWarning(W_PICKLE_DEPRECATED))
[2019-02-27 15:18:21,392: WARNING/MainProcess] /home/boat/.virtualenvs/MxShop/lib/python3.6/site-packages/billiard/__init__.py:321: RuntimeWarning: force_execv is not supported as the billiard C extension is not installed
  warnings.warn(RuntimeWarning(W_NO_EXECV))
[2019-02-27 15:18:21,752: INFO/MainProcess] Connected to redis://localhost:6379/1
[2019-02-27 15:18:21,764: INFO/MainProcess] mingle: searching for neighbors
[2019-02-27 15:18:22,772: INFO/MainProcess] mingle: all alone
[2019-02-27 15:18:22,802: WARNING/MainProcess] /home/boat/.virtualenvs/MxShop/lib/python3.6/site-packages/djcelery/loaders.py:133: UserWarning: Using settings.DEBUG leads to a memory leak, never use this setting in production environments!
  warn('Using settings.DEBUG leads to a memory leak, never '
[2019-02-27 15:18:22,803: WARNING/MainProcess] celery@boat-virtual-machine ready.
[2019-02-27 15:18:26,347: INFO/MainProcess] Events of group {task} enabled by remote.
[2019-02-27 15:25:27,038: INFO/MainProcess] Received task: course_task[a64aba8e-a1a4-4924-aff1-3a202658cf1d]
[2019-02-27 15:25:27,044: WARNING/Worker-4] start course task
[2019-02-27 15:25:31,047: WARNING/Worker-4] args=(2, 8), kwargs={}
[2019-02-27 15:25:31,047: WARNING/Worker-4] end course task
[2019-02-27 15:25:31,053: INFO/MainProcess] Task course_task[a64aba8e-a1a4-4924-aff1-3a202658cf1d] succeeded in 4.009564664000209s: None
[2019-02-27 15:35:27,060: INFO/MainProcess] Received task: course_task[62e6efb7-be13-4e4e-b094-705f21692593]
[2019-02-27 15:35:27,064: WARNING/Worker-2] start course task
[2019-02-27 15:35:31,066: WARNING/Worker-2] args=(2, 8), kwargs={}
[2019-02-27 15:35:31,066: WARNING/Worker-2] end course task
[2019-02-27 15:35:31,074: INFO/MainProcess] Task course_task[62e6efb7-be13-4e4e-b094-705f21692593] succeeded in 4.009580803001882s: None
[2019-02-27 15:45:27,138: INFO/MainProcess] Received task: course_task[d8cd5e1a-d573-46ec-ba95-f135a7a58f6d]
[2019-02-27 15:45:27,141: WARNING/Worker-3] start course task
[2019-02-27 15:45:31,146: WARNING/Worker-3] args=(2, 8), kwargs={}
[2019-02-27 15:45:31,147: WARNING/Worker-3] end course task
[2019-02-27 15:45:31,151: INFO/MainProcess] Task course_task[d8cd5e1a-d573-46ec-ba95-f135a7a58f6d] succeeded in 4.010409734000859s: None
[2019-02-27 15:55:27,146: INFO/MainProcess] Received task: course_task[acbe0d21-1d03-4960-842b-22b7647e31c8]
[2019-02-27 15:55:27,149: WARNING/Worker-1] start course task
[2019-02-27 15:55:31,153: WARNING/Worker-1] args=(2, 8), kwargs={}
[2019-02-27 15:55:31,154: WARNING/Worker-1] end course task
[2019-02-27 15:55:31,159: INFO/MainProcess] Task course_task[acbe0d21-1d03-4960-842b-22b7647e31c8] succeeded in 4.009477471998252s: None
[2019-02-27 16:05:27,201: INFO/MainProcess] Received task: course_task[f4981595-8117-4c64-bd23-9dfc3e983f49]
[2019-02-27 16:05:27,204: WARNING/Worker-4] start course task
[2019-02-27 16:05:31,205: WARNING/Worker-4] args=(2, 8), kwargs={}
[2019-02-27 16:05:31,206: WARNING/Worker-4] end course task
[2019-02-27 16:05:31,209: INFO/MainProcess] Task course_task[f4981595-8117-4c64-bd23-9dfc3e983f49] succeeded in 4.005679581001459s: None
[2019-02-27 16:15:27,287: INFO/MainProcess] Received task: course_task[aa16d9ec-b04d-45fe-9951-f0e98105aeaa]
[2019-02-27 16:15:27,290: WARNING/Worker-2] start course task
[2019-02-27 16:15:31,293: WARNING/Worker-2] args=(2, 8), kwargs={}
[2019-02-27 16:15:31,293: WARNING/Worker-2] end course task
[2019-02-27 16:15:31,299: INFO/MainProcess] Task course_task[aa16d9ec-b04d-45fe-9951-f0e98105aeaa] succeeded in 4.007678898000449s: None
[2019-02-27 16:25:27,383: INFO/MainProcess] Received task: course_task[1b36c75d-d9d5-4776-a027-0859ef69a0b5]
[2019-02-27 16:25:27,386: WARNING/Worker-3] start course task
[2019-02-27 16:25:31,394: WARNING/Worker-3] args=(2, 8), kwargs={}
[2019-02-27 16:25:31,394: WARNING/Worker-3] end course task
[2019-02-27 16:25:31,400: INFO/MainProcess] Task course_task[1b36c75d-d9d5-4776-a027-0859ef69a0b5] succeeded in 4.013863101001334s: None
[2019-02-27 16:35:27,463: INFO/MainProcess] Received task: course_task[15315c6b-6485-4c94-a6dc-565a7d4ad882]
[2019-02-27 16:35:27,467: WARNING/Worker-1] start course task
[2019-02-27 16:35:31,472: WARNING/Worker-1] args=(2, 8), kwargs={}
[2019-02-27 16:35:31,472: WARNING/Worker-1] end course task
[2019-02-27 16:35:31,475: INFO/MainProcess] Task course_task[15315c6b-6485-4c94-a6dc-565a7d4ad882] succeeded in 4.008754993999901s: None
[2019-02-27 16:45:27,556: INFO/MainProcess] Received task: course_task[348bc696-6136-4a30-987a-1da288a85259]
[2019-02-27 16:45:27,562: WARNING/Worker-4] start course task
[2019-02-27 16:45:31,567: WARNING/Worker-4] args=(2, 8), kwargs={}
[2019-02-27 16:45:31,567: WARNING/Worker-4] end course task
[2019-02-27 16:45:31,571: INFO/MainProcess] Task course_task[348bc696-6136-4a30-987a-1da288a85259] succeeded in 4.008923456996854s: None
[2019-02-27 16:55:27,630: INFO/MainProcess] Received task: course_task[60a636e7-b25e-47cd-a12c-daab04dd5c00]
[2019-02-27 16:55:27,635: WARNING/Worker-2] start course task
[2019-02-27 16:55:31,640: WARNING/Worker-2] args=(2, 8), kwargs={}
[2019-02-27 16:55:31,640: WARNING/Worker-2] end course task
[2019-02-27 16:55:31,643: INFO/MainProcess] Task course_task[60a636e7-b25e-47cd-a12c-daab04dd5c00] succeeded in 4.009008402004838s: None
