/home/boat/.virtualenvs/MxShop/lib/python3.6/site-packages/djcelery/loaders.py:189: UserWarning: Autodiscover: Error importing users.apps.UsersConfig.tasks: ModuleNotFoundError("No module named 'users.apps.UsersConfig'; 'users.apps' is not a package",)
  app, related_name, exc,
/home/boat/.virtualenvs/MxShop/lib/python3.6/site-packages/djcelery/loaders.py:189: UserWarning: Autodiscover: Error importing goods.apps.GoodsConfig.tasks: ModuleNotFoundError("No module named 'goods.apps.GoodsConfig'; 'goods.apps' is not a package",)
  app, related_name, exc,
/home/boat/.virtualenvs/MxShop/lib/python3.6/site-packages/djcelery/loaders.py:189: UserWarning: Autodiscover: Error importing user_operation.apps.UserOperationConfig.tasks: ModuleNotFoundError("No module named 'user_operation.apps.UserOperationConfig'; 'user_operation.apps' is not a package",)
  app, related_name, exc,
/home/boat/.virtualenvs/MxShop/lib/python3.6/site-packages/djcelery/loaders.py:189: UserWarning: Autodiscover: Error importing trade.apps.TradeConfig.tasks: ModuleNotFoundError("No module named 'trade.apps.TradeConfig'; 'trade.apps' is not a package",)
  app, related_name, exc,
Stale pidfile exists. Removing it.
[2019-02-27 15:15:26,861: INFO/MainProcess] beat: Starting...
[2019-02-27 15:15:26,958: INFO/MainProcess] Scheduler: Sending due task task1 (course_task)
/home/boat/.virtualenvs/MxShop/lib/python3.6/site-packages/djcelery/loaders.py:189: UserWarning: Autodiscover: Error importing users.apps.UsersConfig.tasks: ModuleNotFoundError("No module named 'users.apps.UsersConfig'; 'users.apps' is not a package",)
  app, related_name, exc,
/home/boat/.virtualenvs/MxShop/lib/python3.6/site-packages/djcelery/loaders.py:189: UserWarning: Autodiscover: Error importing goods.apps.GoodsConfig.tasks: ModuleNotFoundError("No module named 'goods.apps.GoodsConfig'; 'goods.apps' is not a package",)
  app, related_name, exc,
/home/boat/.virtualenvs/MxShop/lib/python3.6/site-packages/djcelery/loaders.py:189: UserWarning: Autodiscover: Error importing user_operation.apps.UserOperationConfig.tasks: ModuleNotFoundError("No module named 'user_operation.apps.UserOperationConfig'; 'user_operation.apps' is not a package",)
  app, related_name, exc,
/home/boat/.virtualenvs/MxShop/lib/python3.6/site-packages/djcelery/loaders.py:189: UserWarning: Autodiscover: Error importing trade.apps.TradeConfig.tasks: ModuleNotFoundError("No module named 'trade.apps.TradeConfig'; 'trade.apps' is not a package",)
  app, related_name, exc,
[2019-02-27 15:18:21,341: INFO/MainProcess] beat: Starting...
[2019-02-27 15:25:27,032: INFO/MainProcess] Scheduler: Sending due task task1 (course_task)
[2019-02-27 15:35:27,057: INFO/MainProcess] Scheduler: Sending due task task1 (course_task)
[2019-02-27 15:45:27,133: INFO/MainProcess] Scheduler: Sending due task task1 (course_task)
[2019-02-27 15:55:27,144: INFO/MainProcess] Scheduler: Sending due task task1 (course_task)
[2019-02-27 16:05:27,198: INFO/MainProcess] Scheduler: Sending due task task1 (course_task)
[2019-02-27 16:15:27,284: INFO/MainProcess] Scheduler: Sending due task task1 (course_task)
[2019-02-27 16:25:27,377: INFO/MainProcess] Scheduler: Sending due task task1 (course_task)
[2019-02-27 16:35:27,459: INFO/MainProcess] Scheduler: Sending due task task1 (course_task)
[2019-02-27 16:45:27,551: INFO/MainProcess] Scheduler: Sending due task task1 (course_task)
[2019-02-27 16:55:27,626: INFO/MainProcess] Scheduler: Sending due task task1 (course_task)
