 
 -------------- celery@boat-virtual-machine v3.1.26.post2 (Cipater)
---- **** ----- 
--- * ***  * -- Linux-4.15.0-45-generic-x86_64-with-Ubuntu-18.04-bionic
-- * - **** --- 
- ** ---------- [config]
- ** ---------- .> app:         default:0x7f9ec1592128 (djcelery.loaders.DjangoLoader)
- ** ---------- .> transport:   redis://localhost:6379/1
- ** ---------- .> results:     redis://localhost:6379/2
- *** --- * --- .> concurrency: 4 (prefork)
-- ******* ---- 
--- ***** ----- [queues]
 -------------- .> beat_tasks       exchange=beat_tasks(direct) key=beat_tasks
                .> work_queue       exchange=work_queue(direct) key=work_queue

[tasks]
  . course_task

 
 -------------- celery@boat-virtual-machine v3.1.26.post2 (Cipater)
---- **** ----- 
--- * ***  * -- Linux-4.15.0-45-generic-x86_64-with-Ubuntu-18.04-bionic
-- * - **** --- 
- ** ---------- [config]
- ** ---------- .> app:         default:0x7fd141c4a0f0 (djcelery.loaders.DjangoLoader)
- ** ---------- .> transport:   redis://localhost:6379/1
- ** ---------- .> results:     redis://localhost:6379/2
- *** --- * --- .> concurrency: 4 (prefork)
-- ******* ---- 
--- ***** ----- [queues]
 -------------- .> beat_tasks       exchange=beat_tasks(direct) key=beat_tasks
                .> work_queue       exchange=work_queue(direct) key=work_queue

[tasks]
  . course_task

 
 -------------- celery@boat-virtual-machine v3.1.26.post2 (Cipater)
---- **** ----- 
--- * ***  * -- Linux-4.15.0-45-generic-x86_64-with-Ubuntu-18.04-bionic
-- * - **** --- 
- ** ---------- [config]
- ** ---------- .> app:         default:0x7f6a09b2e0b8 (djcelery.loaders.DjangoLoader)
- ** ---------- .> transport:   redis://localhost:6379/1
- ** ---------- .> results:     redis://localhost:6379/2
- *** --- * --- .> concurrency: 4 (prefork)
-- ******* ---- 
--- ***** ----- [queues]
 -------------- .> beat_tasks       exchange=beat_tasks(direct) key=beat_tasks
                .> work_queue       exchange=work_queue(direct) key=work_queue

[tasks]
  . course_task
  . send_sms_task

