/home/boat/.virtualenvs/MxShop/lib/python3.6/site-packages/djcelery/loaders.py:189: UserWarning: Autodiscover: Error importing users.apps.UsersConfig.tasks: ModuleNotFoundError("No module named 'users.apps.UsersConfig'; 'users.apps' is not a package",)
  app, related_name, exc,
/home/boat/.virtualenvs/MxShop/lib/python3.6/site-packages/djcelery/loaders.py:189: UserWarning: Autodiscover: Error importing goods.apps.GoodsConfig.tasks: ModuleNotFoundError("No module named 'goods.apps.GoodsConfig'; 'goods.apps' is not a package",)
  app, related_name, exc,
/home/boat/.virtualenvs/MxShop/lib/python3.6/site-packages/djcelery/loaders.py:189: UserWarning: Autodiscover: Error importing user_operation.apps.UserOperationConfig.tasks: ModuleNotFoundError("No module named 'user_operation.apps.UserOperationConfig'; 'user_operation.apps' is not a package",)
  app, related_name, exc,
/home/boat/.virtualenvs/MxShop/lib/python3.6/site-packages/djcelery/loaders.py:189: UserWarning: Autodiscover: Error importing trade.apps.TradeConfig.tasks: ModuleNotFoundError("No module named 'trade.apps.TradeConfig'; 'trade.apps' is not a package",)
  app, related_name, exc,
[I 190226 21:34:12 command:139] Visit me at http://localhost:5555
[I 190226 21:34:12 command:144] Broker: redis://localhost:6379/1
[I 190226 21:34:12 command:147] Registered tasks: 
    ['celery.backend_cleanup',
     'celery.chain',
     'celery.chord',
     'celery.chord_unlock',
     'celery.chunks',
     'celery.group',
     'celery.map',
     'celery.starmap',
     'course_task']
[I 190226 21:34:12 mixins:231] Connected to redis://localhost:6379/1
/home/boat/.virtualenvs/MxShop/lib/python3.6/site-packages/celery/app/control.py:36: DuplicateNodenameWarning: Received multiple replies from node name: celery@boat-virtual-machine.
Please make sure you give each node a unique nodename using the `-n` option.
  pluralize(len(dupes), 'name'), ', '.join(sorted(dupes)),
[I 190226 22:53:53 command:47] SIGTERM detected, shutting down
/home/boat/.virtualenvs/MxShop/lib/python3.6/site-packages/djcelery/loaders.py:189: UserWarning: Autodiscover: Error importing users.apps.UsersConfig.tasks: ModuleNotFoundError("No module named 'users.apps.UsersConfig'; 'users.apps' is not a package",)
  app, related_name, exc,
/home/boat/.virtualenvs/MxShop/lib/python3.6/site-packages/djcelery/loaders.py:189: UserWarning: Autodiscover: Error importing goods.apps.GoodsConfig.tasks: ModuleNotFoundError("No module named 'goods.apps.GoodsConfig'; 'goods.apps' is not a package",)
  app, related_name, exc,
/home/boat/.virtualenvs/MxShop/lib/python3.6/site-packages/djcelery/loaders.py:189: UserWarning: Autodiscover: Error importing user_operation.apps.UserOperationConfig.tasks: ModuleNotFoundError("No module named 'user_operation.apps.UserOperationConfig'; 'user_operation.apps' is not a package",)
  app, related_name, exc,
/home/boat/.virtualenvs/MxShop/lib/python3.6/site-packages/djcelery/loaders.py:189: UserWarning: Autodiscover: Error importing trade.apps.TradeConfig.tasks: ModuleNotFoundError("No module named 'trade.apps.TradeConfig'; 'trade.apps' is not a package",)
  app, related_name, exc,
[I 190226 22:53:58 command:139] Visit me at http://localhost:5555
[I 190226 22:53:58 command:144] Broker: redis://localhost:6379/1
[I 190226 22:53:58 command:147] Registered tasks: 
    ['celery.backend_cleanup',
     'celery.chain',
     'celery.chord',
     'celery.chord_unlock',
     'celery.chunks',
     'celery.group',
     'celery.map',
     'celery.starmap',
     'course_task',
     'send_sms_task']
[I 190226 22:53:58 mixins:231] Connected to redis://localhost:6379/1
[I 190226 22:55:45 command:47] SIGTERM detected, shutting down
/home/boat/.virtualenvs/MxShop/lib/python3.6/site-packages/djcelery/loaders.py:189: UserWarning: Autodiscover: Error importing users.apps.UsersConfig.tasks: ModuleNotFoundError("No module named 'users.apps.UsersConfig'; 'users.apps' is not a package",)
  app, related_name, exc,
/home/boat/.virtualenvs/MxShop/lib/python3.6/site-packages/djcelery/loaders.py:189: UserWarning: Autodiscover: Error importing goods.apps.GoodsConfig.tasks: ModuleNotFoundError("No module named 'goods.apps.GoodsConfig'; 'goods.apps' is not a package",)
  app, related_name, exc,
/home/boat/.virtualenvs/MxShop/lib/python3.6/site-packages/djcelery/loaders.py:189: UserWarning: Autodiscover: Error importing user_operation.apps.UserOperationConfig.tasks: ModuleNotFoundError("No module named 'user_operation.apps.UserOperationConfig'; 'user_operation.apps' is not a package",)
  app, related_name, exc,
/home/boat/.virtualenvs/MxShop/lib/python3.6/site-packages/djcelery/loaders.py:189: UserWarning: Autodiscover: Error importing trade.apps.TradeConfig.tasks: ModuleNotFoundError("No module named 'trade.apps.TradeConfig'; 'trade.apps' is not a package",)
  app, related_name, exc,
[I 190226 22:55:48 command:139] Visit me at http://localhost:5555
[I 190226 22:55:48 command:144] Broker: redis://localhost:6379/1
[I 190226 22:55:48 command:147] Registered tasks: 
    ['celery.backend_cleanup',
     'celery.chain',
     'celery.chord',
     'celery.chord_unlock',
     'celery.chunks',
     'celery.group',
     'celery.map',
     'celery.starmap',
     'course_task',
     'send_sms_task']
[I 190226 22:55:48 mixins:231] Connected to redis://localhost:6379/1
